WARNING:raygun.read_config:JAX unavailable.
WARNING:raygun.read_config:JAX unavailable.
WARNING:raygun.read_config:JAX unavailable.
INFO:crop_worker_5:Launching 5...
INFO:crop_worker_8:Launching 8...
INFO:crop_worker_6:Launching 6...
...
initialize network with kaiming
initialize network with kaiming
initialize network with kaiming
initialize network with kaiming
initialize network with kaiming
initialize network with kaiming
initialize network with kaiming
initialize network with kaiming
initialize network with kaiming
initialize network with kaiming
initialize network with kaiming
initialize network with kaiming

------------------------------------------------------------
Sender: LSF System <lsfadmin@h09u15>
Subject: Job 125260644: <python /nrs/funke/rhoadesj/raygun/src/raygun/torch/predict/worker.py render_training0_netG2.json> in cluster <Janelia> Done

Job <python /nrs/funke/rhoadesj/raygun/src/raygun/torch/predict/worker.py render_training0_netG2.json> was submitted from host <vm7134> by user <rhoadesj> in cluster <Janelia> at Tue Sep 13 13:22:19 2022
Job was executed on host(s) <16*h09u15>, in queue <gpu_tesla>, as user <rhoadesj> in cluster <Janelia> at Tue Sep 13 13:22:19 2022
</groups/funke/home/rhoadesj> was used as the home directory.
</nrs/funke/rhoadesj/raygun/experiments/ieee-isbi-2022/01_cycleGAN_4/link/seed13> was used as the working directory.
Started at Tue Sep 13 13:22:19 2022
Terminated at Tue Sep 13 13:31:40 2022
Results reported at Tue Sep 13 13:31:40 2022

Your job looked like:

------------------------------------------------------------
# LSBATCH: User input
python /nrs/funke/rhoadesj/raygun/src/raygun/torch/predict/worker.py render_training0_netG2.json
------------------------------------------------------------

Successfully completed.

Resource usage summary:

    CPU time :                                   11070.14 sec.
    Max Memory :                                 1978 MB
    Average Memory :                             1954.56 MB
    Total Requested Memory :                     491520.00 MB
    Delta Memory :                               489542.00 MB
    Max Swap :                                   -
    Max Processes :                              3
    Max Threads :                                78
    Run time :                                   562 sec.
    Turnaround time :                            561 sec.

The output (if any) is above this job summary.


------------------------------------------------------------
Sender: LSF System <lsfadmin@h09u10>
Subject: Job 125260652: <python /nrs/funke/rhoadesj/raygun/src/raygun/torch/predict/worker.py render_training0_netG2.json> in cluster <Janelia> Done

Job <python /nrs/funke/rhoadesj/raygun/src/raygun/torch/predict/worker.py render_training0_netG2.json> was submitted from host <vm7134> by user <rhoadesj> in cluster <Janelia> at Tue Sep 13 13:22:19 2022
Job was executed on host(s) <16*h09u10>, in queue <gpu_tesla>, as user <rhoadesj> in cluster <Janelia> at Tue Sep 13 13:22:19 2022
</groups/funke/home/rhoadesj> was used as the home directory.
</nrs/funke/rhoadesj/raygun/experiments/ieee-isbi-2022/01_cycleGAN_4/link/seed13> was used as the working directory.
Started at Tue Sep 13 13:22:19 2022
Terminated at Tue Sep 13 13:31:40 2022
Results reported at Tue Sep 13 13:31:40 2022

Your job looked like:

------------------------------------------------------------
# LSBATCH: User input
python /nrs/funke/rhoadesj/raygun/src/raygun/torch/predict/worker.py render_training0_netG2.json
------------------------------------------------------------

Successfully completed.

Resource usage summary:

    CPU time :                                   11081.81 sec.
    Max Memory :                                 1957 MB
    Average Memory :                             1928.18 MB
    Total Requested Memory :                     491520.00 MB
    Delta Memory :                               489563.00 MB
    Max Swap :                                   -
    Max Processes :                              3
    Max Threads :                                78
    Run time :                                   562 sec.
    Turnaround time :                            561 sec.

The output (if any) is above this job summary.


------------------------------------------------------------
Sender: LSF System <lsfadmin@h09u02>
Subject: Job 125260649: <python /nrs/funke/rhoadesj/raygun/src/raygun/torch/predict/worker.py render_training0_netG2.json> in cluster <Janelia> Done

Job <python /nrs/funke/rhoadesj/raygun/src/raygun/torch/predict/worker.py render_training0_netG2.json> was submitted from host <vm7134> by user <rhoadesj> in cluster <Janelia> at Tue Sep 13 13:22:19 2022
Job was executed on host(s) <16*h09u02>, in queue <gpu_tesla>, as user <rhoadesj> in cluster <Janelia> at Tue Sep 13 13:22:23 2022
</groups/funke/home/rhoadesj> was used as the home directory.
</nrs/funke/rhoadesj/raygun/experiments/ieee-isbi-2022/01_cycleGAN_4/link/seed13> was used as the working directory.
Started at Tue Sep 13 13:22:23 2022
Terminated at Tue Sep 13 13:31:40 2022
Results reported at Tue Sep 13 13:31:40 2022

Your job looked like:

------------------------------------------------------------
# LSBATCH: User input
python /nrs/funke/rhoadesj/raygun/src/raygun/torch/predict/worker.py render_training0_netG2.json
------------------------------------------------------------

Successfully completed.

Resource usage summary:

    CPU time :                                   11180.27 sec.
    Max Memory :                                 1960 MB
    Average Memory :                             1934.26 MB
    Total Requested Memory :                     491520.00 MB
    Delta Memory :                               489560.00 MB
    Max Swap :                                   -
    Max Processes :                              3
    Max Threads :                                78
    Run time :                                   561 sec.
    Turnaround time :                            561 sec.

The output (if any) is above this job summary.


------------------------------------------------------------
Sender: LSF System <lsfadmin@h09u01>
Subject: Job 125260643: <python /nrs/funke/rhoadesj/raygun/src/raygun/torch/predict/worker.py render_training0_netG2.json> in cluster <Janelia> Done

Job <python /nrs/funke/rhoadesj/raygun/src/raygun/torch/predict/worker.py render_training0_netG2.json> was submitted from host <vm7134> by user <rhoadesj> in cluster <Janelia> at Tue Sep 13 13:22:19 2022
Job was executed on host(s) <16*h09u01>, in queue <gpu_tesla>, as user <rhoadesj> in cluster <Janelia> at Tue Sep 13 13:22:19 2022
</groups/funke/home/rhoadesj> was used as the home directory.
</nrs/funke/rhoadesj/raygun/experiments/ieee-isbi-2022/01_cycleGAN_4/link/seed13> was used as the working directory.
Started at Tue Sep 13 13:22:19 2022
Terminated at Tue Sep 13 13:31:41 2022
Results reported at Tue Sep 13 13:31:41 2022

Your job looked like:

------------------------------------------------------------
# LSBATCH: User input
python /nrs/funke/rhoadesj/raygun/src/raygun/torch/predict/worker.py render_training0_netG2.json
------------------------------------------------------------

Successfully completed.

Resource usage summary:

    CPU time :                                   11478.01 sec.
    Max Memory :                                 1956 MB
    Average Memory :                             1933.35 MB
    Total Requested Memory :                     491520.00 MB
    Delta Memory :                               489564.00 MB
    Max Swap :                                   -
    Max Processes :                              3
    Max Threads :                                78
    Run time :                                   563 sec.
    Turnaround time :                            562 sec.

The output (if any) is above this job summary.


------------------------------------------------------------
Sender: LSF System <lsfadmin@h09u15>
Subject: Job 125260646: <python /nrs/funke/rhoadesj/raygun/src/raygun/torch/predict/worker.py render_training0_netG2.json> in cluster <Janelia> Done

Job <python /nrs/funke/rhoadesj/raygun/src/raygun/torch/predict/worker.py render_training0_netG2.json> was submitted from host <vm7134> by user <rhoadesj> in cluster <Janelia> at Tue Sep 13 13:22:19 2022
Job was executed on host(s) <16*h09u15>, in queue <gpu_tesla>, as user <rhoadesj> in cluster <Janelia> at Tue Sep 13 13:22:19 2022
</groups/funke/home/rhoadesj> was used as the home directory.
</nrs/funke/rhoadesj/raygun/experiments/ieee-isbi-2022/01_cycleGAN_4/link/seed13> was used as the working directory.
Started at Tue Sep 13 13:22:19 2022
Terminated at Tue Sep 13 13:31:41 2022
Results reported at Tue Sep 13 13:31:41 2022

Your job looked like:

------------------------------------------------------------
# LSBATCH: User input
python /nrs/funke/rhoadesj/raygun/src/raygun/torch/predict/worker.py render_training0_netG2.json
------------------------------------------------------------

Successfully completed.

Resource usage summary:

    CPU time :                                   10926.58 sec.
    Max Memory :                                 1959 MB
    Average Memory :                             1930.93 MB
    Total Requested Memory :                     491520.00 MB
    Delta Memory :                               489561.00 MB
    Max Swap :                                   -
    Max Processes :                              3
    Max Threads :                                78
    Run time :                                   562 sec.
    Turnaround time :                            562 sec.

The output (if any) is above this job summary.


------------------------------------------------------------
Sender: LSF System <lsfadmin@h09u15>
Subject: Job 125260645: <python /nrs/funke/rhoadesj/raygun/src/raygun/torch/predict/worker.py render_training0_netG2.json> in cluster <Janelia> Done

Job <python /nrs/funke/rhoadesj/raygun/src/raygun/torch/predict/worker.py render_training0_netG2.json> was submitted from host <vm7134> by user <rhoadesj> in cluster <Janelia> at Tue Sep 13 13:22:19 2022
Job was executed on host(s) <16*h09u15>, in queue <gpu_tesla>, as user <rhoadesj> in cluster <Janelia> at Tue Sep 13 13:22:19 2022
</groups/funke/home/rhoadesj> was used as the home directory.
</nrs/funke/rhoadesj/raygun/experiments/ieee-isbi-2022/01_cycleGAN_4/link/seed13> was used as the working directory.
Started at Tue Sep 13 13:22:19 2022
Terminated at Tue Sep 13 13:31:41 2022
Results reported at Tue Sep 13 13:31:41 2022

Your job looked like:

------------------------------------------------------------
# LSBATCH: User input
python /nrs/funke/rhoadesj/raygun/src/raygun/torch/predict/worker.py render_training0_netG2.json
------------------------------------------------------------

Successfully completed.

Resource usage summary:

    CPU time :                                   10295.42 sec.
    Max Memory :                                 1965 MB
    Average Memory :                             1936.03 MB
    Total Requested Memory :                     491520.00 MB
    Delta Memory :                               489555.00 MB
    Max Swap :                                   -
    Max Processes :                              3
    Max Threads :                                78
    Run time :                                   562 sec.
    Turnaround time :                            562 sec.

The output (if any) is above this job summary.


------------------------------------------------------------
Sender: LSF System <lsfadmin@h10u16>
Subject: Job 125260656: <python /nrs/funke/rhoadesj/raygun/src/raygun/torch/predict/worker.py render_training0_netG2.json> in cluster <Janelia> Done

Job <python /nrs/funke/rhoadesj/raygun/src/raygun/torch/predict/worker.py render_training0_netG2.json> was submitted from host <vm7134> by user <rhoadesj> in cluster <Janelia> at Tue Sep 13 13:22:19 2022
Job was executed on host(s) <16*h10u16>, in queue <gpu_tesla>, as user <rhoadesj> in cluster <Janelia> at Tue Sep 13 13:22:19 2022
</groups/funke/home/rhoadesj> was used as the home directory.
</nrs/funke/rhoadesj/raygun/experiments/ieee-isbi-2022/01_cycleGAN_4/link/seed13> was used as the working directory.
Started at Tue Sep 13 13:22:19 2022
Terminated at Tue Sep 13 13:31:42 2022
Results reported at Tue Sep 13 13:31:42 2022

Your job looked like:

------------------------------------------------------------
# LSBATCH: User input
python /nrs/funke/rhoadesj/raygun/src/raygun/torch/predict/worker.py render_training0_netG2.json
------------------------------------------------------------

Successfully completed.

Resource usage summary:

    CPU time :                                   13115.21 sec.
    Max Memory :                                 2778 MB
    Average Memory :                             2736.59 MB
    Total Requested Memory :                     491520.00 MB
    Delta Memory :                               488742.00 MB
    Max Swap :                                   -
    Max Processes :                              3
    Max Threads :                                78
    Run time :                                   561 sec.
    Turnaround time :                            563 sec.

The output (if any) is above this job summary.


------------------------------------------------------------
Sender: LSF System <lsfadmin@h10u20>
Subject: Job 125260657: <python /nrs/funke/rhoadesj/raygun/src/raygun/torch/predict/worker.py render_training0_netG2.json> in cluster <Janelia> Done

Job <python /nrs/funke/rhoadesj/raygun/src/raygun/torch/predict/worker.py render_training0_netG2.json> was submitted from host <vm7134> by user <rhoadesj> in cluster <Janelia> at Tue Sep 13 13:22:19 2022
Job was executed on host(s) <16*h10u20>, in queue <gpu_tesla>, as user <rhoadesj> in cluster <Janelia> at Tue Sep 13 13:22:19 2022
</groups/funke/home/rhoadesj> was used as the home directory.
</nrs/funke/rhoadesj/raygun/experiments/ieee-isbi-2022/01_cycleGAN_4/link/seed13> was used as the working directory.
Started at Tue Sep 13 13:22:19 2022
Terminated at Tue Sep 13 13:31:43 2022
Results reported at Tue Sep 13 13:31:43 2022

Your job looked like:

------------------------------------------------------------
# LSBATCH: User input
python /nrs/funke/rhoadesj/raygun/src/raygun/torch/predict/worker.py render_training0_netG2.json
------------------------------------------------------------

Successfully completed.

Resource usage summary:

    CPU time :                                   12900.26 sec.
    Max Memory :                                 2780 MB
    Average Memory :                             2752.47 MB
    Total Requested Memory :                     491520.00 MB
    Delta Memory :                               488740.00 MB
    Max Swap :                                   -
    Max Processes :                              3
    Max Threads :                                78
    Run time :                                   561 sec.
    Turnaround time :                            564 sec.

The output (if any) is above this job summary.


------------------------------------------------------------
Sender: LSF System <lsfadmin@h10u24>
Subject: Job 125260658: <python /nrs/funke/rhoadesj/raygun/src/raygun/torch/predict/worker.py render_training0_netG2.json> in cluster <Janelia> Done

Job <python /nrs/funke/rhoadesj/raygun/src/raygun/torch/predict/worker.py render_training0_netG2.json> was submitted from host <vm7134> by user <rhoadesj> in cluster <Janelia> at Tue Sep 13 13:22:19 2022
Job was executed on host(s) <16*h10u24>, in queue <gpu_tesla>, as user <rhoadesj> in cluster <Janelia> at Tue Sep 13 13:22:19 2022
</groups/funke/home/rhoadesj> was used as the home directory.
</nrs/funke/rhoadesj/raygun/experiments/ieee-isbi-2022/01_cycleGAN_4/link/seed13> was used as the working directory.
Started at Tue Sep 13 13:22:19 2022
Terminated at Tue Sep 13 13:31:43 2022
Results reported at Tue Sep 13 13:31:43 2022

Your job looked like:

------------------------------------------------------------
# LSBATCH: User input
python /nrs/funke/rhoadesj/raygun/src/raygun/torch/predict/worker.py render_training0_netG2.json
------------------------------------------------------------

Successfully completed.

Resource usage summary:

    CPU time :                                   11907.72 sec.
    Max Memory :                                 2778 MB
    Average Memory :                             2749.75 MB
    Total Requested Memory :                     491520.00 MB
    Delta Memory :                               488742.00 MB
    Max Swap :                                   -
    Max Processes :                              3
    Max Threads :                                78
    Run time :                                   561 sec.
    Turnaround time :                            564 sec.

The output (if any) is above this job summary.


------------------------------------------------------------
Sender: LSF System <lsfadmin@h09u10>
Subject: Job 125260651: <python /nrs/funke/rhoadesj/raygun/src/raygun/torch/predict/worker.py render_training0_netG2.json> in cluster <Janelia> Done

Job <python /nrs/funke/rhoadesj/raygun/src/raygun/torch/predict/worker.py render_training0_netG2.json> was submitted from host <vm7134> by user <rhoadesj> in cluster <Janelia> at Tue Sep 13 13:22:19 2022
Job was executed on host(s) <16*h09u10>, in queue <gpu_tesla>, as user <rhoadesj> in cluster <Janelia> at Tue Sep 13 13:22:19 2022
</groups/funke/home/rhoadesj> was used as the home directory.
</nrs/funke/rhoadesj/raygun/experiments/ieee-isbi-2022/01_cycleGAN_4/link/seed13> was used as the working directory.
Started at Tue Sep 13 13:22:19 2022
Terminated at Tue Sep 13 13:31:43 2022
Results reported at Tue Sep 13 13:31:43 2022

Your job looked like:

------------------------------------------------------------
# LSBATCH: User input
python /nrs/funke/rhoadesj/raygun/src/raygun/torch/predict/worker.py render_training0_netG2.json
------------------------------------------------------------

Successfully completed.

Resource usage summary:

    CPU time :                                   10603.39 sec.
    Max Memory :                                 1955 MB
    Average Memory :                             1923.14 MB
    Total Requested Memory :                     491520.00 MB
    Delta Memory :                               489565.00 MB
    Max Swap :                                   -
    Max Processes :                              3
    Max Threads :                                78
    Run time :                                   562 sec.
    Turnaround time :                            564 sec.

The output (if any) is above this job summary.


------------------------------------------------------------
Sender: LSF System <lsfadmin@h09u10>
Subject: Job 125260650: <python /nrs/funke/rhoadesj/raygun/src/raygun/torch/predict/worker.py render_training0_netG2.json> in cluster <Janelia> Done

Job <python /nrs/funke/rhoadesj/raygun/src/raygun/torch/predict/worker.py render_training0_netG2.json> was submitted from host <vm7134> by user <rhoadesj> in cluster <Janelia> at Tue Sep 13 13:22:19 2022
Job was executed on host(s) <16*h09u10>, in queue <gpu_tesla>, as user <rhoadesj> in cluster <Janelia> at Tue Sep 13 13:22:19 2022
</groups/funke/home/rhoadesj> was used as the home directory.
</nrs/funke/rhoadesj/raygun/experiments/ieee-isbi-2022/01_cycleGAN_4/link/seed13> was used as the working directory.
Started at Tue Sep 13 13:22:19 2022
Terminated at Tue Sep 13 13:31:43 2022
Results reported at Tue Sep 13 13:31:43 2022

Your job looked like:

------------------------------------------------------------
# LSBATCH: User input
python /nrs/funke/rhoadesj/raygun/src/raygun/torch/predict/worker.py render_training0_netG2.json
------------------------------------------------------------

Successfully completed.

Resource usage summary:

    CPU time :                                   10874.98 sec.
    Max Memory :                                 1968 MB
    Average Memory :                             1889.41 MB
    Total Requested Memory :                     491520.00 MB
    Delta Memory :                               489552.00 MB
    Max Swap :                                   -
    Max Processes :                              3
    Max Threads :                                78
    Run time :                                   562 sec.
    Turnaround time :                            564 sec.

The output (if any) is above this job summary.


------------------------------------------------------------
Sender: LSF System <lsfadmin@h09u02>
Subject: Job 125260648: <python /nrs/funke/rhoadesj/raygun/src/raygun/torch/predict/worker.py render_training0_netG2.json> in cluster <Janelia> Done

Job <python /nrs/funke/rhoadesj/raygun/src/raygun/torch/predict/worker.py render_training0_netG2.json> was submitted from host <vm7134> by user <rhoadesj> in cluster <Janelia> at Tue Sep 13 13:22:19 2022
Job was executed on host(s) <16*h09u02>, in queue <gpu_tesla>, as user <rhoadesj> in cluster <Janelia> at Tue Sep 13 13:22:23 2022
</groups/funke/home/rhoadesj> was used as the home directory.
</nrs/funke/rhoadesj/raygun/experiments/ieee-isbi-2022/01_cycleGAN_4/link/seed13> was used as the working directory.
Started at Tue Sep 13 13:22:23 2022
Terminated at Tue Sep 13 13:31:45 2022
Results reported at Tue Sep 13 13:31:45 2022

Your job looked like:

------------------------------------------------------------
# LSBATCH: User input
python /nrs/funke/rhoadesj/raygun/src/raygun/torch/predict/worker.py render_training0_netG2.json
------------------------------------------------------------

Successfully completed.

Resource usage summary:

    CPU time :                                   10906.60 sec.
    Max Memory :                                 1960 MB
    Average Memory :                             1932.69 MB
    Total Requested Memory :                     491520.00 MB
    Delta Memory :                               489560.00 MB
    Max Swap :                                   -
    Max Processes :                              3
    Max Threads :                                78
    Run time :                                   561 sec.
    Turnaround time :                            566 sec.

The output (if any) is above this job summary.


------------------------------------------------------------
Sender: LSF System <lsfadmin@h09u02>
Subject: Job 125260647: <python /nrs/funke/rhoadesj/raygun/src/raygun/torch/predict/worker.py render_training0_netG2.json> in cluster <Janelia> Done

Job <python /nrs/funke/rhoadesj/raygun/src/raygun/torch/predict/worker.py render_training0_netG2.json> was submitted from host <vm7134> by user <rhoadesj> in cluster <Janelia> at Tue Sep 13 13:22:19 2022
Job was executed on host(s) <16*h09u02>, in queue <gpu_tesla>, as user <rhoadesj> in cluster <Janelia> at Tue Sep 13 13:22:19 2022
</groups/funke/home/rhoadesj> was used as the home directory.
</nrs/funke/rhoadesj/raygun/experiments/ieee-isbi-2022/01_cycleGAN_4/link/seed13> was used as the working directory.
Started at Tue Sep 13 13:22:19 2022
Terminated at Tue Sep 13 13:31:45 2022
Results reported at Tue Sep 13 13:31:45 2022

Your job looked like:

------------------------------------------------------------
# LSBATCH: User input
python /nrs/funke/rhoadesj/raygun/src/raygun/torch/predict/worker.py render_training0_netG2.json
------------------------------------------------------------

Successfully completed.

Resource usage summary:

    CPU time :                                   10748.26 sec.
    Max Memory :                                 1973 MB
    Average Memory :                             1915.78 MB
    Total Requested Memory :                     491520.00 MB
    Delta Memory :                               489547.00 MB
    Max Swap :                                   -
    Max Processes :                              3
    Max Threads :                                78
    Run time :                                   561 sec.
    Turnaround time :                            566 sec.

The output (if any) is above this job summary.


------------------------------------------------------------
Sender: LSF System <lsfadmin@h09u05>
Subject: Job 125260653: <python /nrs/funke/rhoadesj/raygun/src/raygun/torch/predict/worker.py render_training0_netG2.json> in cluster <Janelia> Done

Job <python /nrs/funke/rhoadesj/raygun/src/raygun/torch/predict/worker.py render_training0_netG2.json> was submitted from host <vm7134> by user <rhoadesj> in cluster <Janelia> at Tue Sep 13 13:22:19 2022
Job was executed on host(s) <16*h09u05>, in queue <gpu_tesla>, as user <rhoadesj> in cluster <Janelia> at Tue Sep 13 13:22:19 2022
</groups/funke/home/rhoadesj> was used as the home directory.
</nrs/funke/rhoadesj/raygun/experiments/ieee-isbi-2022/01_cycleGAN_4/link/seed13> was used as the working directory.
Started at Tue Sep 13 13:22:19 2022
Terminated at Tue Sep 13 13:31:45 2022
Results reported at Tue Sep 13 13:31:45 2022

Your job looked like:

------------------------------------------------------------
# LSBATCH: User input
python /nrs/funke/rhoadesj/raygun/src/raygun/torch/predict/worker.py render_training0_netG2.json
------------------------------------------------------------

Successfully completed.

Resource usage summary:

    CPU time :                                   10817.60 sec.
    Max Memory :                                 1961 MB
    Average Memory :                             1910.28 MB
    Total Requested Memory :                     491520.00 MB
    Delta Memory :                               489559.00 MB
    Max Swap :                                   -
    Max Processes :                              3
    Max Threads :                                78
    Run time :                                   563 sec.
    Turnaround time :                            566 sec.

The output (if any) is above this job summary.


------------------------------------------------------------
Sender: LSF System <lsfadmin@h09u05>
Subject: Job 125260654: <python /nrs/funke/rhoadesj/raygun/src/raygun/torch/predict/worker.py render_training0_netG2.json> in cluster <Janelia> Done

Job <python /nrs/funke/rhoadesj/raygun/src/raygun/torch/predict/worker.py render_training0_netG2.json> was submitted from host <vm7134> by user <rhoadesj> in cluster <Janelia> at Tue Sep 13 13:22:19 2022
Job was executed on host(s) <16*h09u05>, in queue <gpu_tesla>, as user <rhoadesj> in cluster <Janelia> at Tue Sep 13 13:22:21 2022
</groups/funke/home/rhoadesj> was used as the home directory.
</nrs/funke/rhoadesj/raygun/experiments/ieee-isbi-2022/01_cycleGAN_4/link/seed13> was used as the working directory.
Started at Tue Sep 13 13:22:21 2022
Terminated at Tue Sep 13 13:31:47 2022
Results reported at Tue Sep 13 13:31:47 2022

Your job looked like:

------------------------------------------------------------
# LSBATCH: User input
python /nrs/funke/rhoadesj/raygun/src/raygun/torch/predict/worker.py render_training0_netG2.json
------------------------------------------------------------

Successfully completed.

Resource usage summary:

    CPU time :                                   10293.38 sec.
    Max Memory :                                 1968 MB
    Average Memory :                             1910.47 MB
    Total Requested Memory :                     491520.00 MB
    Delta Memory :                               489552.00 MB
    Max Swap :                                   -
    Max Processes :                              3
    Max Threads :                                78
    Run time :                                   565 sec.
    Turnaround time :                            568 sec.

The output (if any) is above this job summary.

